  27.12.c
c:\users\maciek\desktop\projekty\27\27.12\27.12\27.12.c(37): warning C4996: 'scanf': This function or variable may be unsafe. Consider using scanf_s instead. To disable deprecation, use _CRT_SECURE_NO_WARNINGS. See online help for details.
  c:\program files (x86)\windows kits\10\include\10.0.16299.0\ucrt\stdio.h(1272): note: zobacz deklarację „scanf”
c:\users\maciek\desktop\projekty\27\27.12\27.12\27.12.c(146): warning C4996: 'fopen': This function or variable may be unsafe. Consider using fopen_s instead. To disable deprecation, use _CRT_SECURE_NO_WARNINGS. See online help for details.
  c:\program files (x86)\windows kits\10\include\10.0.16299.0\ucrt\stdio.h(207): note: zobacz deklarację „fopen”
c:\users\maciek\desktop\projekty\27\27.12\27.12\27.12.c(166): warning C4996: 'fopen': This function or variable may be unsafe. Consider using fopen_s instead. To disable deprecation, use _CRT_SECURE_NO_WARNINGS. See online help for details.
  c:\program files (x86)\windows kits\10\include\10.0.16299.0\ucrt\stdio.h(207): note: zobacz deklarację „fopen”
c:\users\maciek\desktop\projekty\27\27.12\27.12\27.12.c(374): warning C4267: "=": konwersja z "size_t" do "int", możliwa utrata danych
c:\users\maciek\desktop\projekty\27\27.12\27.12\27.12.c(406): warning C4267: "=": konwersja z "size_t" do "int", możliwa utrata danych
c:\users\maciek\desktop\projekty\27\27.12\27.12\27.12.c(252): warning C4996: 'fopen': This function or variable may be unsafe. Consider using fopen_s instead. To disable deprecation, use _CRT_SECURE_NO_WARNINGS. See online help for details.
  c:\program files (x86)\windows kits\10\include\10.0.16299.0\ucrt\stdio.h(207): note: zobacz deklarację „fopen”
c:\users\maciek\desktop\projekty\27\27.12\27.12\27.12.c(257): warning C4996: 'fscanf': This function or variable may be unsafe. Consider using fscanf_s instead. To disable deprecation, use _CRT_SECURE_NO_WARNINGS. See online help for details.
  c:\program files (x86)\windows kits\10\include\10.0.16299.0\ucrt\stdio.h(1195): note: zobacz deklarację „fscanf”
c:\users\maciek\desktop\projekty\27\27.12\27.12\27.12.c(267): warning C4996: 'fscanf': This function or variable may be unsafe. Consider using fscanf_s instead. To disable deprecation, use _CRT_SECURE_NO_WARNINGS. See online help for details.
  c:\program files (x86)\windows kits\10\include\10.0.16299.0\ucrt\stdio.h(1195): note: zobacz deklarację „fscanf”
c:\users\maciek\desktop\projekty\27\27.12\27.12\27.12.c(286): warning C4996: 'fscanf': This function or variable may be unsafe. Consider using fscanf_s instead. To disable deprecation, use _CRT_SECURE_NO_WARNINGS. See online help for details.
  c:\program files (x86)\windows kits\10\include\10.0.16299.0\ucrt\stdio.h(1195): note: zobacz deklarację „fscanf”
c:\users\maciek\desktop\projekty\27\27.12\27.12\27.12.c(316): warning C4996: 'fscanf': This function or variable may be unsafe. Consider using fscanf_s instead. To disable deprecation, use _CRT_SECURE_NO_WARNINGS. See online help for details.
  c:\program files (x86)\windows kits\10\include\10.0.16299.0\ucrt\stdio.h(1195): note: zobacz deklarację „fscanf”
c:\users\maciek\desktop\projekty\27\27.12\27.12\27.12.c(340): warning C4996: 'fopen': This function or variable may be unsafe. Consider using fopen_s instead. To disable deprecation, use _CRT_SECURE_NO_WARNINGS. See online help for details.
  c:\program files (x86)\windows kits\10\include\10.0.16299.0\ucrt\stdio.h(207): note: zobacz deklarację „fopen”
c:\users\maciek\desktop\projekty\27\27.12\27.12\27.12.c(450): warning C4244: "=": konwersja z "int" do "float", możliwa utrata danych
c:\users\maciek\desktop\projekty\27\27.12\27.12\27.12.c(451): warning C4244: "=": konwersja z "int" do "float", możliwa utrata danych
c:\users\maciek\desktop\projekty\27\27.12\27.12\27.12.c(462): warning C4244: "=": konwersja z "int" do "float", możliwa utrata danych
c:\users\maciek\desktop\projekty\27\27.12\27.12\27.12.c(465): warning C4244: "=": konwersja z "int" do "float", możliwa utrata danych
c:\users\maciek\desktop\projekty\27\27.12\27.12\27.12.c(489): warning C4244: "=": konwersja z "double" do "float", możliwa utrata danych
c:\users\maciek\desktop\projekty\27\27.12\27.12\27.12.c(491): warning C4244: "=": konwersja z "float" do "int", możliwa utrata danych
c:\users\maciek\desktop\projekty\27\27.12\27.12\27.12.c(492): warning C4244: "=": konwersja z "float" do "int", możliwa utrata danych
c:\users\maciek\desktop\projekty\27\27.12\27.12\27.12.c(493): warning C4244: "=": konwersja z "float" do "int", możliwa utrata danych
  27.12.vcxproj -> C:\Users\Maciek\Desktop\Projekty\27\27.12\x64\Debug\27.12.exe
